<?xml version="1.0" encoding="UTF-8"?>
<!-- Generated by org.testng.reporters.JUnitReportReporter -->
<testsuite hostname="LAPTOP-I1A4TNR7" failures="0" tests="1" name="qa.tests.Testcase1" time="4.159" errors="0" timestamp="2024-02-10T04:33:13 IST" skipped="0">
  <testcase classname="qa.tests.Testcase1" name="sampleMethodForEnteringCredentials" time="4.159"/>
</testsuite> <!-- qa.tests.Testcase1 -->
